2025-09-06 15:27:37,324 DEBUG Horse: Создание Horse, имя [Bucephalus], скорость [2.4]
2025-09-06 15:27:37,325 DEBUG Horse: Создание Horse, имя [Ace of Spades], скорость [2.5]
2025-09-06 15:27:37,325 DEBUG Horse: Создание Horse, имя [Zephyr], скорость [2.6]
2025-09-06 15:27:37,325 DEBUG Horse: Создание Horse, имя [Blaze], скорость [2.7]
2025-09-06 15:27:37,325 DEBUG Horse: Создание Horse, имя [Lobster], скорость [2.8]
2025-09-06 15:27:37,325 DEBUG Horse: Создание Horse, имя [Pegasus], скорость [2.9]
2025-09-06 15:27:37,325 DEBUG Horse: Создание Horse, имя [Cherry], скорость [3.0]
2025-09-06 15:27:37,326 DEBUG Hippodrome: Создание Hippodrome, лошадей [7]
2025-09-06 15:27:37,326 INFO  Main: Начало скачек. Количество участников: 7
2025-09-06 15:27:37,933 INFO  Main: Окончание скачек. Победитель: Pegasus
2025-09-06 15:33:17,926 DEBUG Horse: Создание Horse, имя [Bucephalus], скорость [2.4]
2025-09-06 15:33:17,929 DEBUG Horse: Создание Horse, имя [Ace of Spades], скорость [2.5]
2025-09-06 15:33:17,929 DEBUG Horse: Создание Horse, имя [Zephyr], скорость [2.6]
2025-09-06 15:33:17,929 DEBUG Horse: Создание Horse, имя [Blaze], скорость [2.7]
2025-09-06 15:33:17,929 DEBUG Horse: Создание Horse, имя [Lobster], скорость [2.8]
2025-09-06 15:33:17,929 DEBUG Horse: Создание Horse, имя [Pegasus], скорость [2.9]
2025-09-06 15:33:17,929 DEBUG Horse: Создание Horse, имя [Cherry], скорость [3.0]
2025-09-06 15:33:17,930 DEBUG Hippodrome: Создание Hippodrome, лошадей [7]
2025-09-06 15:33:17,930 INFO  Main: Начало скачек. Количество участников: 7
2025-09-06 15:33:18,538 INFO  Main: Окончание скачек. Победитель: Cherry
2025-09-06 15:43:12,394 DEBUG Horse: Создание Horse, имя [Bucephalus], скорость [2.4]
2025-09-06 15:43:12,395 DEBUG Horse: Создание Horse, имя [Ace of Spades], скорость [2.5]
2025-09-06 15:43:12,395 DEBUG Horse: Создание Horse, имя [Zephyr], скорость [2.6]
2025-09-06 15:43:12,395 DEBUG Horse: Создание Horse, имя [Blaze], скорость [2.7]
2025-09-06 15:43:12,395 DEBUG Horse: Создание Horse, имя [Lobster], скорость [2.8]
2025-09-06 15:43:12,395 DEBUG Horse: Создание Horse, имя [Pegasus], скорость [2.9]
2025-09-06 15:43:12,395 DEBUG Horse: Создание Horse, имя [Cherry], скорость [3.0]
2025-09-06 15:43:12,396 DEBUG Hippodrome: Создание Hippodrome, лошадей [7]
2025-09-06 15:43:12,396 INFO  Main: Начало скачек. Количество участников: 7
2025-09-06 15:43:13,000 INFO  Main: Окончание скачек. Победитель: Cherry
2025-09-06 15:44:57,541 DEBUG Horse: Создание Horse, имя [Bucephalus], скорость [2.4]
2025-09-06 15:44:57,542 DEBUG Horse: Создание Horse, имя [Ace of Spades], скорость [2.5]
2025-09-06 15:44:57,542 DEBUG Horse: Создание Horse, имя [Zephyr], скорость [2.6]
2025-09-06 15:44:57,542 DEBUG Horse: Создание Horse, имя [Blaze], скорость [2.7]
2025-09-06 15:44:57,542 DEBUG Horse: Создание Horse, имя [Lobster], скорость [2.8]
2025-09-06 15:44:57,543 DEBUG Horse: Создание Horse, имя [Pegasus], скорость [2.9]
2025-09-06 15:44:57,543 DEBUG Horse: Создание Horse, имя [Cherry], скорость [3.0]
2025-09-06 15:44:57,543 DEBUG Hippodrome: Создание Hippodrome, лошадей [7]
2025-09-06 15:44:57,543 INFO  Main: Начало скачек. Количество участников: 7
2025-09-06 15:44:58,150 INFO  Main: Окончание скачек. Победитель: Pegasus
